build/app/intermediates/manifest_merge_blame_file/debug/manifest-merger-blame-debug-report.txt
1<?xml version="1.0" encoding="utf-8"?>
2<manifest xmlns:android="http://schemas.android.com/apk/res/android"
3    package="com.shababit.budget_tracker"
4    android:versionCode="1"
5    android:versionName="1.0.0" >
6
7    <uses-sdk
8        android:minSdkVersion="16"
9        android:targetSdkVersion="28" />
10    <!--
11         Flutter needs it to communicate with the running application
12         to allow setting breakpoints, to provide hot reload, etc.
13    -->
14    <uses-permission android:name="android.permission.INTERNET" />
14-->src\main\AndroidManifest.xml:10:5-66
14-->src\main\AndroidManifest.xml:10:22-64
15    <!--
16     io.flutter.app.FlutterApplication is an android.app.Application that
17         calls FlutterMain.startInitialization(this); in its onCreate method.
18         In most cases you can leave this as-is, but you if you want to provide
19         additional functionality it is fine to subclass or reimplement
20         FlutterApplication and put your custom class here.
21    -->
22    <uses-permission android:name="android.permission.ACCESS_FINE_LOCATION" />
22-->src\main\AndroidManifest.xml:8:5-79
22-->src\main\AndroidManifest.xml:8:22-76
23    <uses-permission android:name="android.permission.ACCESS_COARSE_LOCATION" />
23-->src\main\AndroidManifest.xml:9:5-81
23-->src\main\AndroidManifest.xml:9:22-78
24    <uses-permission android:name="android.permission.CAMERA" />
24-->[:flutter_barcode_scanner] AndroidManifest.xml:9:5-65
24-->[:flutter_barcode_scanner] AndroidManifest.xml:9:22-62
25
26    <uses-feature android:name="android.hardware.camera" />
26-->[:flutter_barcode_scanner] AndroidManifest.xml:11:5-60
26-->[:flutter_barcode_scanner] AndroidManifest.xml:11:19-57
27
28    <uses-permission android:name="android.permission.FLASHLIGHT" />
28-->[:flutter_barcode_scanner] AndroidManifest.xml:13:5-69
28-->[:flutter_barcode_scanner] AndroidManifest.xml:13:22-66
29    <uses-permission android:name="android.permission.READ_EXTERNAL_STORAGE" />
29-->[:image_picker] AndroidManifest.xml:7:5-80
29-->[:image_picker] AndroidManifest.xml:7:22-77
30    <uses-permission android:name="android.permission.WRITE_EXTERNAL_STORAGE" /> <!-- Include required permissions for Google Maps API to run. -->
30-->[:image_picker] AndroidManifest.xml:8:5-81
30-->[:image_picker] AndroidManifest.xml:8:22-78
31    <uses-permission android:name="android.permission.ACCESS_NETWORK_STATE" />
31-->[com.google.android.gms:play-services-maps:17.0.0] AndroidManifest.xml:23:5-79
31-->[com.google.android.gms:play-services-maps:17.0.0] AndroidManifest.xml:23:22-76
32
33    <uses-feature
33-->[com.google.android.gms:play-services-maps:17.0.0] AndroidManifest.xml:26:5-28:35
34        android:glEsVersion="0x00020000"
34-->[com.google.android.gms:play-services-maps:17.0.0] AndroidManifest.xml:27:9-41
35        android:required="true" />
35-->[com.google.android.gms:play-services-maps:17.0.0] AndroidManifest.xml:28:9-32
36
37    <application
37-->src\main\AndroidManifest.xml:12:5-40:19
38        android:name="io.flutter.app.FlutterApplication"
38-->src\main\AndroidManifest.xml:13:9-57
39        android:appComponentFactory="androidx.core.app.CoreComponentFactory"
39-->[androidx.core:core:1.2.0] AndroidManifest.xml:24:18-86
40        android:debuggable="true"
41        android:icon="@mipmap/ic_launcher"
41-->src\main\AndroidManifest.xml:15:9-43
42        android:label="budget_tracker"
42-->src\main\AndroidManifest.xml:14:9-39
43        android:largeHeap="true"
43-->[:flutter_barcode_scanner] AndroidManifest.xml:16:9-33
44        android:theme="@style/Theme.AppCompat.NoActionBar"
44-->[:flutter_barcode_scanner] AndroidManifest.xml:17:9-59
45        android:usesCleartextTraffic="true" >
45-->src\main\AndroidManifest.xml:16:9-44
46        <meta-data
46-->src\main\AndroidManifest.xml:17:9-123
47            android:name="com.google.android.geo.API_KEY"
47-->src\main\AndroidManifest.xml:17:20-65
48            android:value="AIzaSyAE0P1b_wS-YIX6I53y8HG4xcm4PTUwVWo" />
48-->src\main\AndroidManifest.xml:17:66-121
49        <meta-data
49-->src\main\AndroidManifest.xml:18:9-121
50            android:name="com.google.android.gms.version"
50-->src\main\AndroidManifest.xml:18:20-65
51            android:value="@integer/google_play_services_version" />
51-->src\main\AndroidManifest.xml:18:66-119
52
53        <activity
53-->src\main\AndroidManifest.xml:19:9-30:20
54            android:name="com.shababit.budget_tracker.MainActivity"
54-->src\main\AndroidManifest.xml:20:13-41
55            android:configChanges="orientation|keyboardHidden|keyboard|screenSize|smallestScreenSize|locale|layoutDirection|fontScale|screenLayout|density|uiMode"
55-->src\main\AndroidManifest.xml:23:13-163
56            android:hardwareAccelerated="true"
56-->src\main\AndroidManifest.xml:24:13-47
57            android:launchMode="singleTop"
57-->src\main\AndroidManifest.xml:21:13-43
58            android:theme="@style/LaunchTheme"
58-->src\main\AndroidManifest.xml:22:13-47
59            android:windowSoftInputMode="adjustResize" >
59-->src\main\AndroidManifest.xml:25:13-55
60            <intent-filter>
60-->src\main\AndroidManifest.xml:26:13-29:29
61                <action android:name="android.intent.action.MAIN" />
61-->src\main\AndroidManifest.xml:27:17-68
61-->src\main\AndroidManifest.xml:27:25-66
62
63                <category android:name="android.intent.category.LAUNCHER" />
63-->src\main\AndroidManifest.xml:28:17-76
63-->src\main\AndroidManifest.xml:28:27-74
64            </intent-filter>
65        </activity>
66        <activity
66-->src\main\AndroidManifest.xml:31:9-34:63
67            android:name="com.yalantis.ucrop.UCropActivity"
67-->src\main\AndroidManifest.xml:32:5-52
68            android:screenOrientation="portrait"
68-->src\main\AndroidManifest.xml:33:5-41
69            android:theme="@style/Theme.AppCompat.Light.NoActionBar" />
69-->src\main\AndroidManifest.xml:34:5-61
70        <!--
71             Don't delete the meta-data below.
72             This is used by the Flutter tool to generate GeneratedPluginRegistrant.java
73        -->
74        <meta-data
74-->src\main\AndroidManifest.xml:37:9-39:33
75            android:name="flutterEmbedding"
75-->src\main\AndroidManifest.xml:38:13-44
76            android:value="2" />
76-->src\main\AndroidManifest.xml:39:13-30
77
78        <activity android:name="com.amolg.flutterbarcodescanner.BarcodeCaptureActivity" />
78-->[:flutter_barcode_scanner] AndroidManifest.xml:18:9-91
78-->[:flutter_barcode_scanner] AndroidManifest.xml:18:19-88
79
80        <provider
80-->[:image_picker] AndroidManifest.xml:11:9-19:20
81            android:name="io.flutter.plugins.imagepicker.ImagePickerFileProvider"
81-->[:image_picker] AndroidManifest.xml:12:13-82
82            android:authorities="com.shababit.budget_tracker.flutter.image_provider"
82-->[:image_picker] AndroidManifest.xml:13:13-74
83            android:exported="false"
83-->[:image_picker] AndroidManifest.xml:14:13-37
84            android:grantUriPermissions="true" >
84-->[:image_picker] AndroidManifest.xml:15:13-47
85            <meta-data
85-->[:image_picker] AndroidManifest.xml:16:13-18:75
86                android:name="android.support.FILE_PROVIDER_PATHS"
86-->[:image_picker] AndroidManifest.xml:17:17-67
87                android:resource="@xml/flutter_image_picker_file_paths" />
87-->[:image_picker] AndroidManifest.xml:18:17-72
88        </provider>
89
90        <activity
90-->[:url_launcher] AndroidManifest.xml:8:9-11:74
91            android:name="io.flutter.plugins.urllauncher.WebViewActivity"
91-->[:url_launcher] AndroidManifest.xml:9:13-74
92            android:exported="false"
92-->[:url_launcher] AndroidManifest.xml:10:13-37
93            android:theme="@android:style/Theme.NoTitleBar.Fullscreen" /> <!-- Needs to be explicitly declared on P+ -->
93-->[:url_launcher] AndroidManifest.xml:11:13-71
94        <uses-library
94-->[com.google.android.gms:play-services-maps:17.0.0] AndroidManifest.xml:33:9-35:40
95            android:name="org.apache.http.legacy"
95-->[com.google.android.gms:play-services-maps:17.0.0] AndroidManifest.xml:34:13-50
96            android:required="false" />
96-->[com.google.android.gms:play-services-maps:17.0.0] AndroidManifest.xml:35:13-37
97
98        <activity
98-->[com.google.android.gms:play-services-base:17.2.1] AndroidManifest.xml:23:9-26:75
99            android:name="com.google.android.gms.common.api.GoogleApiActivity"
99-->[com.google.android.gms:play-services-base:17.2.1] AndroidManifest.xml:24:13-79
100            android:exported="false"
100-->[com.google.android.gms:play-services-base:17.2.1] AndroidManifest.xml:25:13-37
101            android:theme="@android:style/Theme.Translucent.NoTitleBar" />
101-->[com.google.android.gms:play-services-base:17.2.1] AndroidManifest.xml:26:13-72
102    </application>
103
104</manifest>